0 REM SAVE"D:SPEED.BAS":LIST"D:SPEED.LST"
1 REM TESTING SPEED 2022-10-04
5 GOTO 5000
10 DIM A(100),B(100),A$(100),B$(100)
20 FOR T=0 TO 99
30 V=INT(RND(0)*39+1)
40 A(T)=V:B(T)=V
45 S=T+1
50 A$(S,S)=CHR$(V):B$(S,S)=CHR$(V)
100 NEXT T
110 PRINT "SHUFFLING ARRAY"
120 ARRSTART=(PEEK(18)*65536+PEEK(19)*256+PEEK(20))
130 FOR T=1 TO 99
140 A(T-1)=A(T):B(T-1)=B(T)
150 NEXT T
160 ARREND=(PEEK(18)*65536+PEEK(19)*256+PEEK(20))
200 PRINT ARREND-ARRSTART
290 ? "SHUFFLING STRING"
300 ARRSTART=(PEEK(18)*65536+PEEK(19)*256+PEEK(20))
330 FOR X=1 TO 30
340 A$=A$(2):B$=B$(2)
350 ARREND=(PEEK(18)*65536+PEEK(19)*256+PEEK(20))
400 PRINT ARREND-ARRSTART
1999 END 
2000 DIM A$(10)
2010 A$="ABCDEF"
2020 LOC=ADR(A$)
2030 ? LOC
2040 ? PEEK(LOC)
3000 GRAPHICS 0:POKE 752,1
3010 SCREEN=PEEK(88)+PEEK(89)*256
3020 ARRSTART=(PEEK(18)*65536+PEEK(19)*256+PEEK(20))
3030 FOR X=1 TO 30
3040 FOR Y=1 TO 20
3050 POSITION X,Y:? #6;"X";
3060 NEXT Y
3070 NEXT X
3200 ARREND=(PEEK(18)*65536+PEEK(19)*256+PEEK(20))
3210 PRINT ARREND-ARRSTART
3320 ARRSTART=(PEEK(18)*65536+PEEK(19)*256+PEEK(20))
3330 FOR X=1 TO 30
3340 FOR Y=1 TO 20
3360 POKE SCREEN+X+(Y*40),65
3370 NEXT Y
3380 NEXT X
3400 ARREND=(PEEK(18)*65536+PEEK(19)*256+PEEK(20))
3410 PRINT ARREND-ARRSTART
5000 ARRSTART=(PEEK(18)*65536+PEEK(19)*256+PEEK(20))
5010 DIM A$(100)
5020 FOR X=1 TO 100:A$(X,X)=CHR$(65)
5025 TMP=ASC(A$(X,X))
5030 NEXT X
5040 ? A$
5090 ARREND=(PEEK(18)*65536+PEEK(19)*256+PEEK(20))
5095 PRINT ARREND-ARRSTART
5100 ARRSTART=(PEEK(18)*65536+PEEK(19)*256+PEEK(20))
5110 A=ADR(A$)
5120 FOR X=0 TO 99:POKE A+X,65
5130 TMP=PEEK(A+X)
5140 NEXT X
5990 ARREND=(PEEK(18)*65536+PEEK(19)*256+PEEK(20))
5995 PRINT ARREND-ARRSTART
